
> scripthuman@0.1.0 build
> next build

Î“Ă»â–“ Next.js 16.1.6 (Turbopack)
- Environments: .env.local

Î“ĂśĂˇ The "middleware" file convention is deprecated. Please use "proxy" instead. Learn more: https://nextjs.org/docs/messages/middleware-to-proxy
  Creating an optimized production build ...
Î“ÂŁĂ´ Compiled successfully in 3.3s
  Running TypeScript ...
  Collecting page data using 23 workers ...
Î“ĂśĂˇ Using edge runtime on a page currently disables static generation for that page
  Generating static pages using 23 workers (0/63) ...
  Generating static pages using 23 workers (15/63) 
  Generating static pages using 23 workers (31/63) 
  Generating static pages using 23 workers (47/63) 
Î“ÂŁĂ´ Generating static pages using 23 workers (63/63) in 569.6ms
  Finalizing page optimization ...

Route (app)
Î“Ă¶Ă® Î“ĂąĂŻ /
Î“Ă¶ÂŁ Î“ĂąĂŻ /_not-found
Î“Ă¶ÂŁ Î“ĂąĂŻ /about
Î“Ă¶ÂŁ â•žĂ† /api/analyze
Î“Ă¶ÂŁ â•žĂ† /api/content-writer
Î“Ă¶ÂŁ â•žĂ† /api/debug-env
Î“Ă¶ÂŁ â•žĂ† /api/email-writer
Î“Ă¶ÂŁ â•žĂ† /api/enterprise/sanitize
Î“Ă¶ÂŁ â•žĂ† /api/grammar-check
Î“Ă¶ÂŁ â•žĂ† /api/hallucination
Î“Ă¶ÂŁ â•žĂ† /api/humanize-iterative
Î“Ă¶ÂŁ â•žĂ† /api/keys
Î“Ă¶ÂŁ â•žĂ† /api/paraphrase
Î“Ă¶ÂŁ â•žĂ† /api/sentiment
Î“Ă¶ÂŁ â•žĂ† /api/social-media-pro
Î“Ă¶ÂŁ â•žĂ† /api/stripe/checkout
Î“Ă¶ÂŁ â•žĂ† /api/stripe/create-portal-session
Î“Ă¶ÂŁ â•žĂ† /api/stripe/invoices
Î“Ă¶ÂŁ â•žĂ† /api/stripe/sync
Î“Ă¶ÂŁ â•žĂ† /api/stripe/webhook
Î“Ă¶ÂŁ â•žĂ† /api/trust-hub/analyze
Î“Ă¶ÂŁ â•žĂ† /api/trust-hub/analyze-media
Î“Ă¶ÂŁ â•žĂ† /api/trust-hub/certify
Î“Ă¶ÂŁ â•žĂ† /api/trust-hub/verify
Î“Ă¶ÂŁ â•žĂ† /auth/callback
Î“Ă¶ÂŁ Î“ĂąĂŻ /blog
Î“Ă¶ÂŁ Î“ĂąĂ… /blog/[slug]
Î“Ă¶Ă© Î“Ă¶ÂŁ /blog/how-to-bypass-ai-detection-2026
Î“Ă¶Ă© Î“Ă¶ÂŁ /blog/seo-rankings-ai-content-google-update
Î“Ă¶Ă© Î“Ă¶ÂŁ /blog/ethical-use-of-ai-writing-tools
Î“Ă¶Ă© Î“Ă¶Ă¶ [+9 more paths]
Î“Ă¶ÂŁ Î“ĂąĂŻ /compare
Î“Ă¶ÂŁ Î“ĂąĂŻ /contact
Î“Ă¶ÂŁ Î“ĂąĂŻ /dashboard
Î“Ă¶ÂŁ Î“ĂąĂŻ /dashboard/account
Î“Ă¶ÂŁ Î“ĂąĂŻ /dashboard/settings
Î“Ă¶ÂŁ Î“ĂąĂŻ /dashboard/settings/api-keys
Î“Ă¶ÂŁ Î“ĂąĂŻ /documentation
Î“Ă¶ÂŁ Î“ĂąĂŻ /enterprise
Î“Ă¶ÂŁ Î“ĂąĂŻ /enterprise/api-dashboard
Î“Ă¶ÂŁ Î“ĂąĂŻ /enterprise/brand-guardrails
Î“Ă¶ÂŁ Î“ĂąĂŻ /enterprise/voice-clone
Î“Ă¶ÂŁ Î“ĂąĂŻ /how-to-use
Î“Ă¶ÂŁ Î“ĂąĂŻ /icon.png
Î“Ă¶ÂŁ Î“ĂąĂŻ /login
Î“Ă¶ÂŁ Î“ĂąĂŻ /payment
Î“Ă¶ÂŁ Î“ĂąĂŻ /privacy
Î“Ă¶ÂŁ Î“ĂąĂŻ /robots.txt
Î“Ă¶ÂŁ Î“ĂąĂŻ /signup
Î“Ă¶ÂŁ Î“ĂąĂŻ /sitemap.xml
Î“Ă¶ÂŁ Î“ĂąĂŻ /style-studio
Î“Ă¶ÂŁ Î“ĂąĂŻ /success
Î“Ă¶ÂŁ Î“ĂąĂŻ /terms
Î“Ă¶ÂŁ Î“ĂąĂŻ /trust-hub
Î“Ă¶ÂŁ Î“ĂąĂŻ /verify
Î“Ă¶ÂŁ â•žĂ† /verify/[id]
Î“Ă¶ÂŁ â•žĂ† /verify/[id]/seal
Î“Ă¶Ă¶ Î“ĂąĂŻ /writing-room


â•žĂ† Proxy (Middleware)

Î“ĂąĂŻ  (Static)   prerendered as static content
Î“ĂąĂ…  (SSG)      prerendered as static HTML (uses generateStaticParams)
â•žĂ†  (Dynamic)  server-rendered on demand

